<?xml version="1.0" encoding="UTF-8"?>
<testng-results ignored="0" total="2" passed="2" failed="0" skipped="0">
  <reporter-output>
  </reporter-output>
  <suite started-at="2023-07-07T09:55:23 IST" name="Default suite" finished-at="2023-07-07T09:58:11 IST" duration-ms="168664">
    <groups>
    </groups>
    <test started-at="2023-07-07T09:55:23 IST" name="Default test" finished-at="2023-07-07T09:58:11 IST" duration-ms="168664">
      <class name="Ekart">
        <test-method is-config="true" signature="setUp()[pri:0, instance:Ekart@11392934]" started-at="2023-07-07T09:55:23 IST" name="setUp" finished-at="2023-07-07T09:55:33 IST" duration-ms="9686" status="PASS">
          <reporter-output>
          </reporter-output>
        </test-method> <!-- setUp -->
        <test-method signature="customer()[pri:0, instance:Ekart@11392934]" started-at="2023-07-07T09:55:33 IST" name="customer" finished-at="2023-07-07T09:56:53 IST" duration-ms="80194" status="PASS">
          <reporter-output>
          </reporter-output>
        </test-method> <!-- customer -->
        <test-method signature="seller()[pri:1, instance:Ekart@11392934]" started-at="2023-07-07T09:56:53 IST" name="seller" finished-at="2023-07-07T09:58:11 IST" duration-ms="78601" status="PASS">
          <reporter-output>
          </reporter-output>
        </test-method> <!-- seller -->
        <test-method is-config="true" signature="tearDown()[pri:0, instance:Ekart@11392934]" started-at="2023-07-07T09:58:11 IST" name="tearDown" finished-at="2023-07-07T09:58:11 IST" duration-ms="127" status="PASS">
          <reporter-output>
          </reporter-output>
        </test-method> <!-- tearDown -->
      </class> <!-- Ekart -->
    </test> <!-- Default test -->
  </suite> <!-- Default suite -->
</testng-results>
