<?xml version="1.0" encoding="UTF-8"?>
<!-- Generated by org.testng.reporters.JUnitXMLReporter -->
<testsuite ignored="0" hostname="PSL-9X67XM3" failures="0" tests="2" name="chromeTest" time="5.097" errors="0" timestamp="2023-04-24T15:08:28 IST">
  <testcase classname="mockInterviewprograms.diffBrowserusingparameters" name="launchingbrowser" time="4.922"/>
  <testcase classname="mockInterviewprograms.diffBrowserusingparameters" name="closeBrowser" time="0.141"/>
</testsuite> <!-- chromeTest -->
