<?xml version="1.0" encoding="UTF-8"?>
<!-- Generated by org.testng.reporters.JUnitXMLReporter -->
<testsuite ignored="6" hostname="PSL-9X67XM3" failures="0" tests="3" name="Loan" time="0.052" errors="0" timestamp="2023-02-14T15:09:04 IST">
  <testcase classname="Groups.Car_loan" name="APILoginCarLoan" time="0.007"/>
  <testcase classname="Groups.Home_loan" name="MobileLoginHomeLoan" time="0.001"/>
  <testcase classname="Groups.Personal_loan" name="WebLoginPersonalLoan" time="0.001"/>
  <testcase classname="Groups.Home_loan" name="WebLoginHomeLoan" time="0.0">
    <ignored/>
  </testcase> <!-- WebLoginHomeLoan -->
  <testcase classname="Groups.Personal_loan" name="MobileLoginPersonalLoan" time="0.0">
    <ignored/>
  </testcase> <!-- MobileLoginPersonalLoan -->
  <testcase classname="Groups.Car_loan" name="MobileLoginCarLoan" time="0.0">
    <ignored/>
  </testcase> <!-- MobileLoginCarLoan -->
  <testcase classname="Groups.Home_loan" name="APILoginHomeLoan" time="0.0">
    <ignored/>
  </testcase> <!-- APILoginHomeLoan -->
  <testcase classname="Groups.Car_loan" name="WebLoginCarLoan" time="0.0">
    <ignored/>
  </testcase> <!-- WebLoginCarLoan -->
  <testcase classname="Groups.Personal_loan" name="APILoginPersonalLoan" time="0.0">
    <ignored/>
  </testcase> <!-- APILoginPersonalLoan -->
</testsuite> <!-- Loan -->
