<?xml version="1.0" encoding="UTF-8"?>
<!-- Generated by org.testng.reporters.JUnitXMLReporter -->
<testsuite ignored="0" hostname="PSL-9X67XM3" failures="0" tests="3" name="Test" time="130.965" errors="0" timestamp="2023-07-20T13:34:11 IST">
  <testcase classname="Exam.TestNGSc1" name="@BeforeClass setUp" time="0.012">
    <failure type="java.lang.Error" message="Unresolved compilation problem: 
	The constructor RemoteWebDriver(DocFlavor.URL, DesiredCapabilities) is undefined
">
      <![CDATA[java.lang.Error: Unresolved compilation problem: 
The constructor RemoteWebDriver(DocFlavor.URL, DesiredCapabilities) is undefined

at Exam.TestNGSc1.setUp(TestNGSc1.java:68)
at java.base/java.util.ArrayList.forEach(ArrayList.java:1511)
... Removed 25 stack frames]]>
    </failure>
  </testcase> <!-- @BeforeClass setUp -->
  <testcase classname="Exam.TestNGSc1" name="@AfterClass tearDown" time="-1.689840120275E9">
    <skipped/>
  </testcase> <!-- @AfterClass tearDown -->
  <testcase classname="Exam.TestNGSc1" name="test" time="0.0">
    <skipped/>
  </testcase> <!-- test -->
  <testcase classname="Exam.TestNGSc2" name="test" time="24.999"/>
  <testcase classname="Exam.TestNGSc3" name="test" time="6.133"/>
</testsuite> <!-- Test -->
