<?xml version="1.0" encoding="UTF-8"?>
<testng-results ignored="0" total="0" passed="0" failed="0" skipped="0">
  <reporter-output>
  </reporter-output>
  <suite started-at="2023-04-18T15:40:13 IST" name="Suite" finished-at="2023-04-18T15:40:13 IST" duration-ms="83">
    <groups>
    </groups>
    <test started-at="2023-04-18T15:40:13 IST" name="chromeTest" finished-at="2023-04-18T15:40:13 IST" duration-ms="10">
    </test> <!-- chromeTest -->
    <test started-at="2023-04-18T15:40:13 IST" name="EdgeTest" finished-at="2023-04-18T15:40:13 IST" duration-ms="1">
    </test> <!-- EdgeTest -->
  </suite> <!-- Suite -->
</testng-results>
