<?xml version="1.0" encoding="UTF-8"?>
<!-- Generated by org.testng.reporters.JUnitXMLReporter -->
<testsuite ignored="0" hostname="PSL-9X67XM3" failures="0" tests="10" name="Default test" time="0.077" errors="0" timestamp="2023-04-18T14:47:37 IST">
  <testcase classname="RbtAssignment.InvocationCount" name="invocation" time="0.01"/>
  <testcase classname="RbtAssignment.InvocationCount" name="invocation" time="0.001"/>
  <testcase classname="RbtAssignment.InvocationCount" name="invocation" time="0.001"/>
  <testcase classname="RbtAssignment.InvocationCount" name="invocation" time="0.001"/>
  <testcase classname="RbtAssignment.InvocationCount" name="invocation" time="0.002"/>
  <testcase classname="RbtAssignment.InvocationCount" name="invocation" time="0.001"/>
  <testcase classname="RbtAssignment.InvocationCount" name="invocation" time="0.001"/>
  <testcase classname="RbtAssignment.InvocationCount" name="invocation" time="0.001"/>
  <testcase classname="RbtAssignment.InvocationCount" name="invocation" time="0.001"/>
  <testcase classname="RbtAssignment.InvocationCount" name="invocation" time="0.001"/>
</testsuite> <!-- Default test -->
